<?xml version="1.0" encoding="UTF-8"?>
<!-- Generated by org.testng.reporters.JUnitReportReporter -->
<testsuite skipped="0" hostname="ASE5-511" name="testNg.TestNGDemo1" tests="1" failures="0" timestamp="18 Dec 2017 21:02:57 GMT" time="0.073" errors="0">
  <testcase name="testDemo" time="0.073" classname="testNg.TestNGDemo1"/>
</testsuite> <!-- testNg.TestNGDemo1 -->
