<?xml version="1.0" encoding="UTF-8"?>
<!-- Generated by org.testng.reporters.JUnitReportReporter -->
<testsuite skipped="0" hostname="ASE5-511" name="testNg.TestNGDemo2" tests="4" failures="0" timestamp="18 Dec 2017 20:39:39 GMT" time="0.083" errors="0">
  <testcase name="deleteUser" time="0.027" classname="testNg.TestNGDemo2"/>
  <testcase name="register" time="0.022" classname="testNg.TestNGDemo2"/>
  <testcase name="editUser" time="0.016" classname="testNg.TestNGDemo2"/>
  <testcase name="editUser" time="0.018" classname="testNg.TestNGDemo2"/>
</testsuite> <!-- testNg.TestNGDemo2 -->
