<?xml version="1.0" encoding="UTF-8"?>
<!-- Generated by org.testng.reporters.JUnitReportReporter -->
<testsuite skipped="1" hostname="ASE5-511" name="script.ValidLogin" tests="1" failures="0" timestamp="29 Sep 2019 11:19:31 GMT" time="0.000" errors="0">
  <testcase name="testValidLogin" time="0.000" classname="script.ValidLogin">
    <skipped/>
  </testcase> <!-- testValidLogin -->
</testsuite> <!-- script.ValidLogin -->
