<?xml version="1.0" encoding="UTF-8"?>
<!-- Generated by org.testng.reporters.JUnitReportReporter -->
<testsuite skipped="0" hostname="ASE5-511" name="script.Demo" tests="1" failures="0" timestamp="19 Dec 2017 21:30:37 GMT" time="148.019" errors="0">
  <testcase name="TestDemo" time="148.019" classname="script.Demo"/>
</testsuite> <!-- script.Demo -->
